2023-02-08 04:20:33,866 INFO: {'MODEL': None, 'NETWORK': {'type': 'HAT', 'upscale': 2, 'in_chans': 4, 'img_size': [16, 64], 'window_size': 16, 'compress_ratio': 3, 'squeeze_factor': 30, 'conv_scale': 0.01, 'overlap_ratio': 0.5, 'img_range': 1.0, 'depths': [6, 6, 6, 6], 'embed_dim': 96, 'num_heads': [6, 6, 6, 6], 'mlp_ratio': 2, 'upsampler': 'pixelshuffle', 'resi_connection': '1conv'}, 'TRAIN': {'logger_dir': './logger/', 'train_data_dir': ['dataset/TextZoom/train1', 'dataset/TextZoom/train2'], 'batch_size': 28, 'width': 128, 'height': 32, 'epochs': 500, 'cuda': True, 'ngpu': 2, 'workers': 2, 'resume': '', 'ckpt_dir': './ckpt/', 'voc_type': 'all', 'saveInterval': 200, 'displayInterval': 100, 'adadelta': False, 'lr': 0.001, 'adam': True, 'beta1': 0.5, 'manualSeed': 1234, 'max_len': 100, 'keep_ratio': False, 'down_sample_scale': 2, 'loss_type': 'ContentPercptualLoss', 'VAL': {'val_data_dir': ['dataset/TextZoom/test/hard', 'dataset/TextZoom/test/easy', 'dataset/TextZoom/test/medium'], 'n_vis': 10, 'vis_dir': 'demo', 'valInterval': 1000, 'rec_pretrained': 'demo.pth.tar', 'crnn_pretrained': 'src/model/crnn/crnn.pth'}}, 'TEST': {'checkpoint': '', 'test_data_dir': []}, 'CONVERT': {'image_dir': None, 'lmdb_dir': None, 'n_convert': 10}}
2023-02-08 04:20:33,866 INFO: ------------------- start training -------------------
2023-02-08 04:22:12,715 INFO: Epoch: [0][100/620]	vis_dir=vis	60.271 	
2023-02-08 04:24:08,123 INFO: Epoch: [0][200/620]	vis_dir=vis	53.244 	
2023-02-08 04:26:06,536 INFO: Epoch: [0][300/620]	vis_dir=vis	45.509 	
2023-02-08 04:28:07,245 INFO: Epoch: [0][400/620]	vis_dir=vis	41.663 	
2023-02-08 04:30:10,938 INFO: Epoch: [0][500/620]	vis_dir=vis	49.206 	
2023-02-08 04:32:17,295 INFO: Epoch: [0][600/620]	vis_dir=vis	42.885 	
2023-02-08 04:34:27,393 INFO: Epoch: [1][80/620]	vis_dir=vis	39.044 	
2023-02-08 04:36:36,915 INFO: Epoch: [1][180/620]	vis_dir=vis	49.911 	
2023-02-08 04:38:45,401 INFO: Epoch: [1][280/620]	vis_dir=vis	46.477 	
2023-02-08 04:40:50,652 INFO: Epoch: [1][380/620]	vis_dir=vis	42.268 	
2023-02-08 04:40:50,652 INFO: ======================================================
2023-02-08 04:40:50,652 INFO: evaling hard
2023-02-08 04:42:01,582 INFO: loss_rec 441.415| loss_im 0.822	PSNR 16.74 | SSIM 0.5378	
2023-02-08 04:42:01,582 INFO: save display images
2023-02-08 04:42:01,626 INFO: aster_accuray: 29.86%
2023-02-08 04:42:01,626 INFO: best_hard = 29.86%*
2023-02-08 04:42:01,626 INFO: evaling easy
2023-02-08 04:43:21,205 INFO: loss_rec 602.196| loss_im 0.613	PSNR 17.24 | SSIM 0.6368	
2023-02-08 04:43:21,205 INFO: save display images
2023-02-08 04:43:21,245 INFO: aster_accuray: 63.13%
2023-02-08 04:43:21,245 INFO: best_easy = 63.13%*
2023-02-08 04:43:21,245 INFO: evaling medium
2023-02-08 04:44:33,606 INFO: loss_rec 461.544| loss_im 0.873	PSNR 16.48 | SSIM 0.5053	
2023-02-08 04:44:33,606 INFO: save display images
2023-02-08 04:44:33,646 INFO: aster_accuray: 39.83%
2023-02-08 04:44:33,646 INFO: best_medium = 39.83%*
2023-02-08 04:44:33,646 INFO: saving best model
2023-02-08 04:46:26,223 INFO: Epoch: [1][480/620]	vis_dir=vis	39.418 	
2023-02-08 04:48:23,011 INFO: Epoch: [1][580/620]	vis_dir=vis	45.142 	
